GROUP,PACKAGE,CLASS,INSTRUCTION_MISSED,INSTRUCTION_COVERED,BRANCH_MISSED,BRANCH_COVERED,LINE_MISSED,LINE_COVERED,COMPLEXITY_MISSED,COMPLEXITY_COVERED,METHOD_MISSED,METHOD_COVERED
Joda-Time,org.joda.time,MonthDay,18,471,4,27,3,108,4,57,0,45
Joda-Time,org.joda.time,DateTimeUtils,102,232,6,40,28,81,8,41,4,22
Joda-Time,org.joda.time,UTCDateTimeZone,13,24,0,0,4,9,4,8,4,8
Joda-Time,org.joda.time,MonthDay.Property,0,117,0,0,0,21,0,10,0,10
Joda-Time,org.joda.time,MutablePeriod,18,495,0,8,6,149,2,74,2,70
Joda-Time,org.joda.time,DateTimeComparator,9,262,6,42,0,55,4,34,0,14
Joda-Time,org.joda.time,DurationField,0,33,0,4,0,7,0,5,0,3
Joda-Time,org.joda.time,Weeks,0,280,1,34,0,68,1,46,0,27
Joda-Time,org.joda.time,Days,0,308,0,39,0,76,0,51,0,27
Joda-Time,org.joda.time,LocalTime,40,1006,8,92,7,214,8,115,1,69
Joda-Time,org.joda.time,TimeOfDay,0,576,1,22,0,131,1,67,0,55
Joda-Time,org.joda.time,Duration,0,288,0,34,0,72,0,49,0,32
Joda-Time,org.joda.time,PeriodType,0,1642,3,101,0,248,3,89,0,40
Joda-Time,org.joda.time,Instant,0,147,1,9,0,35,1,27,0,23
Joda-Time,org.joda.time,LocalDate.Property,77,83,0,0,12,15,7,12,7,12
Joda-Time,org.joda.time,DurationFieldType.StandardDurationFieldType,10,97,4,28,3,35,4,28,0,5
Joda-Time,org.joda.time,DateTimeUtils.OffsetMillisProvider,0,11,0,0,0,4,0,2,0,2
Joda-Time,org.joda.time,DateTimeFieldType.StandardDateTimeFieldType,8,166,3,51,2,62,3,53,0,7
Joda-Time,org.joda.time,YearMonthDay.Property,0,127,0,0,0,23,0,12,0,12
Joda-Time,org.joda.time,LocalTime.Property,38,163,0,2,8,25,3,19,3,18
Joda-Time,org.joda.time,LocalDateTime,83,1554,14,104,14,314,15,165,4,114
Joda-Time,org.joda.time,Seconds,0,280,1,34,0,68,1,46,0,27
Joda-Time,org.joda.time,DateTime.Property,4,211,2,2,2,36,2,20,0,20
Joda-Time,org.joda.time,DateTime,15,1138,4,68,5,218,4,139,1,106
Joda-Time,org.joda.time,Minutes,0,280,1,34,0,68,1,46,0,27
Joda-Time,org.joda.time,DateTimeFieldType,0,248,0,0,0,75,0,28,0,28
Joda-Time,org.joda.time,DateTimeUtils.FixedMillisProvider,0,9,0,0,0,4,0,2,0,2
Joda-Time,org.joda.time,Partial,2,1169,5,111,2,247,5,86,0,33
Joda-Time,org.joda.time,DateTimeUtils.SystemMillisProvider,0,5,0,0,0,2,0,2,0,2
Joda-Time,org.joda.time,LocalDateTime.Property,38,133,0,0,8,20,3,17,3,17
Joda-Time,org.joda.time,DateTimeZone.LazyInit.new BaseChronology() {...},6,7,0,0,2,3,2,3,2,3
Joda-Time,org.joda.time,Partial.Property,0,127,0,0,0,23,0,12,0,12
Joda-Time,org.joda.time,DateTimeField,0,8,0,0,0,2,0,2,0,2
Joda-Time,org.joda.time,YearMonthDay,0,547,1,23,0,122,1,64,0,52
Joda-Time,org.joda.time,DateTimeZone.LazyInit,3,193,0,0,1,42,1,3,1,3
Joda-Time,org.joda.time,DateTimeConstants,0,3,0,0,0,2,0,1,0,1
Joda-Time,org.joda.time,TimeOfDay.Property,0,148,0,0,0,26,0,13,0,13
Joda-Time,org.joda.time,MutableInterval,6,236,0,10,2,71,0,32,0,27
Joda-Time,org.joda.time,Chronology,0,3,0,0,0,1,0,1,0,1
Joda-Time,org.joda.time,JodaTimePermission,4,0,0,0,2,0,1,0,1,0
Joda-Time,org.joda.time,Months,0,301,0,44,0,78,0,50,0,21
Joda-Time,org.joda.time,Interval,24,453,2,46,2,107,2,47,0,25
Joda-Time,org.joda.time,Hours,0,315,1,39,0,78,1,51,0,27
Joda-Time,org.joda.time,DateMidnight,2,710,2,48,1,139,2,90,0,67
Joda-Time,org.joda.time,YearMonth.Property,0,117,0,0,0,21,0,10,0,10
Joda-Time,org.joda.time,IllegalInstantException,3,59,3,5,1,11,3,5,0,4
Joda-Time,org.joda.time,DateMidnight.Property,0,171,0,0,0,28,0,20,0,20
Joda-Time,org.joda.time,LocalDate,88,1399,18,106,16,283,15,146,1,96
Joda-Time,org.joda.time,IllegalFieldValueException,23,410,4,12,5,116,3,25,1,19
Joda-Time,org.joda.time,Period,0,1789,0,64,0,288,0,119,0,87
Joda-Time,org.joda.time,DurationFieldType,0,114,0,0,0,30,0,17,0,17
Joda-Time,org.joda.time,YearMonth,18,473,4,27,3,107,4,59,0,47
Joda-Time,org.joda.time,MutableDateTime.Property,0,184,0,0,0,37,0,18,0,18
Joda-Time,org.joda.time,DateTimeZone.Stub,0,20,0,0,0,8,0,4,0,4
Joda-Time,org.joda.time,Years,0,238,1,34,0,60,1,40,0,21
Joda-Time,org.joda.time,DateTimeZone,163,1093,32,170,37,286,31,110,0,40
Joda-Time,org.joda.time,MutableDateTime,6,878,4,59,2,208,4,114,0,84
Joda-Time,org.joda.time.chrono,LimitChronology.LimitDurationField,27,94,0,0,5,20,2,7,2,7
Joda-Time,org.joda.time.chrono,BasicGJChronology,0,457,2,78,0,54,2,48,0,10
Joda-Time,org.joda.time.chrono,BasicChronology.YearInfo,0,9,0,0,0,4,0,1,0,1
Joda-Time,org.joda.time.chrono,LimitChronology.LimitException,87,10,4,0,19,4,4,1,2,1
Joda-Time,org.joda.time.chrono,GJLocaleSymbols,2,421,1,37,1,95,1,42,0,24
Joda-Time,org.joda.time.chrono,LenientChronology,23,220,7,9,7,43,6,11,0,9
Joda-Time,org.joda.time.chrono,BasicChronology.HalfdayField,0,23,0,0,0,5,0,4,0,4
Joda-Time,org.joda.time.chrono,BasicYearDateTimeField,4,181,0,10,1,41,1,23,1,18
Joda-Time,org.joda.time.chrono,GJDayOfWeekDateTimeField,4,44,0,0,1,12,1,10,1,10
Joda-Time,org.joda.time.chrono,CopticChronology,15,262,3,27,3,66,3,27,0,15
Joda-Time,org.joda.time.chrono,GJCacheKey,26,83,14,10,10,21,12,3,0,3
Joda-Time,org.joda.time.chrono,ZonedChronology,56,506,18,32,17,89,17,24,2,14
Joda-Time,org.joda.time.chrono,StrictChronology,35,183,11,5,11,39,9,8,1,8
Joda-Time,org.joda.time.chrono,GJChronology.LinkedDurationField,6,27,0,0,1,6,1,4,1,4
Joda-Time,org.joda.time.chrono,AssembledChronology,70,619,43,61,1,110,43,53,0,44
Joda-Time,org.joda.time.chrono,BasicMonthOfYearDateTimeField,67,576,12,46,12,114,11,36,1,17
Joda-Time,org.joda.time.chrono,IslamicChronology,146,412,26,40,30,97,25,40,8,24
Joda-Time,org.joda.time.chrono,BaseChronology,162,374,4,36,37,78,38,28,34,12
Joda-Time,org.joda.time.chrono,BasicDayOfYearDateTimeField,21,84,2,8,5,18,3,13,2,9
Joda-Time,org.joda.time.chrono,BuddhistChronology,22,237,4,16,4,56,5,17,1,11
Joda-Time,org.joda.time.chrono,BasicWeekOfWeekyearDateTimeField,27,80,2,6,6,18,4,13,3,10
Joda-Time,org.joda.time.chrono,BasicDayOfMonthDateTimeField,7,115,1,11,2,26,2,15,1,10
Joda-Time,org.joda.time.chrono,GJChronology.ImpreciseCutoverField,137,228,23,27,26,47,16,19,2,8
Joda-Time,org.joda.time.chrono,BasicChronology,30,1047,10,70,4,226,8,70,0,38
Joda-Time,org.joda.time.chrono,GJYearOfEraDateTimeField,46,62,0,4,8,16,8,10,8,8
Joda-Time,org.joda.time.chrono,LimitChronology.LimitDateTimeField,146,188,0,0,32,43,10,16,10,16
Joda-Time,org.joda.time.chrono,JulianChronology,11,246,3,29,3,68,3,33,0,20
Joda-Time,org.joda.time.chrono,LimitChronology,108,531,30,34,29,94,24,24,2,14
Joda-Time,org.joda.time.chrono,AssembledChronology.Fields,7,326,37,37,1,74,37,4,0,4
Joda-Time,org.joda.time.chrono,ISOYearOfEraDateTimeField,69,37,2,2,13,9,11,8,10,7
Joda-Time,org.joda.time.chrono,BasicFixedMonthChronology,13,138,6,8,3,29,5,17,1,14
Joda-Time,org.joda.time.chrono,BasicSingleEraDateTimeField,42,19,4,0,13,8,12,6,10,6
Joda-Time,org.joda.time.chrono,IslamicChronology.LeapYearPatternType,31,25,9,2,10,6,9,3,3,2
Joda-Time,org.joda.time.chrono,ISOChronology,2,164,2,16,1,44,2,19,0,12
Joda-Time,org.joda.time.chrono,ZonedChronology.ZonedDateTimeField,98,465,15,19,18,90,13,39,3,32
Joda-Time,org.joda.time.chrono,ZonedChronology.ZonedDurationField,80,195,13,19,12,32,14,18,5,11
Joda-Time,org.joda.time.chrono,ISOChronology.Stub,0,21,0,0,0,8,0,4,0,4
Joda-Time,org.joda.time.chrono,BasicWeekyearDateTimeField,60,206,9,15,10,48,12,17,5,12
Joda-Time,org.joda.time.chrono,EthiopicChronology,31,239,5,23,7,60,5,24,1,14
Joda-Time,org.joda.time.chrono,GJChronology,44,891,13,45,9,162,10,46,0,27
Joda-Time,org.joda.time.chrono,GJChronology.CutoverField,187,444,24,48,35,93,26,45,11,24
Joda-Time,org.joda.time.chrono,GregorianChronology,2,238,2,30,1,60,2,32,0,18
Joda-Time,org.joda.time.chrono,GJMonthOfYearDateTimeField,0,28,0,0,0,7,0,6,0,6
Joda-Time,org.joda.time.chrono,GJEraDateTimeField,28,83,2,6,7,23,6,15,5,12
Joda-Time,org.joda.time.tz,ZoneInfoCompiler.RuleSet,118,29,13,1,20,7,8,2,1,2
Joda-Time,org.joda.time.tz,DefaultNameProvider,397,46,65,7,54,11,37,7,3,5
Joda-Time,org.joda.time.tz,CachedDateTimeZone,24,173,3,15,10,44,3,20,1,13
Joda-Time,org.joda.time.tz,DateTimeZoneBuilder.DSTZone,61,223,15,19,26,61,15,13,2,9
Joda-Time,org.joda.time.tz,DateTimeZoneBuilder.Recurrence,62,72,5,5,10,16,10,7,5,7
Joda-Time,org.joda.time.tz,DateTimeZoneBuilder.RuleSet,254,103,36,4,55,31,25,8,5,8
Joda-Time,org.joda.time.tz,DateTimeZoneBuilder.Rule,116,0,8,0,26,0,12,0,8,0
Joda-Time,org.joda.time.tz,DateTimeZoneBuilder,293,378,52,28,61,84,35,22,1,14
Joda-Time,org.joda.time.tz,ZoneInfoCompiler.Rule,158,56,9,3,29,12,9,2,4,1
Joda-Time,org.joda.time.tz,UTCProvider,0,17,0,2,0,7,0,5,0,4
Joda-Time,org.joda.time.tz,DateTimeZoneBuilder.Transition,100,33,10,0,18,11,10,6,5,6
Joda-Time,org.joda.time.tz,DateTimeZoneBuilder.PrecalculatedZone,601,397,101,55,122,97,63,27,3,9
Joda-Time,org.joda.time.tz,CachedDateTimeZone.Info,11,87,4,14,1,20,3,10,0,4
Joda-Time,org.joda.time.tz,FixedDateTimeZone,0,112,1,15,0,24,1,18,0,11
Joda-Time,org.joda.time.tz,ZoneInfoLogger.new ThreadLocal() {...},2,3,0,0,1,1,1,1,1,1
Joda-Time,org.joda.time.tz,ZoneInfoCompiler.DateTimeOfYear,129,164,9,17,20,47,11,7,4,1
Joda-Time,org.joda.time.tz,ZoneInfoCompiler.Zone,206,0,16,0,43,0,14,0,6,0
Joda-Time,org.joda.time.tz,ZoneInfoProvider.new PrivilegedAction() {...},4,20,1,1,1,3,1,2,0,2
Joda-Time,org.joda.time.tz,ZoneInfoLogger,8,10,0,0,2,3,2,2,2,2
Joda-Time,org.joda.time.tz,ZoneInfoCompiler,833,447,112,61,168,105,71,32,3,13
Joda-Time,org.joda.time.tz,ZoneInfoProvider,100,258,13,23,26,67,15,15,3,9
Joda-Time,org.joda.time.tz,DateTimeZoneBuilder.OfYear,245,369,36,34,44,81,28,19,3,9
Joda-Time,org.joda.time.field,SkipDateTimeField,18,72,3,7,4,21,3,8,1,5
Joda-Time,org.joda.time.field,BaseDurationField,0,87,0,6,0,22,0,15,0,12
Joda-Time,org.joda.time.field,DividedDateTimeField,184,131,9,9,27,31,17,11,10,9
Joda-Time,org.joda.time.field,ImpreciseDateTimeField,63,24,10,0,12,6,7,3,2,3
Joda-Time,org.joda.time.field,FieldUtils,26,459,13,67,6,77,12,46,1,16
Joda-Time,org.joda.time.field,AbstractPartialFieldProperty,0,208,0,22,0,50,0,32,0,21
Joda-Time,org.joda.time.field,DelegatedDateTimeField,195,133,1,5,32,32,32,25,31,23
Joda-Time,org.joda.time.field,DecoratedDateTimeField,5,56,0,4,1,15,1,11,1,9
Joda-Time,org.joda.time.field,PreciseDurationDateTimeField,0,135,0,10,0,27,0,15,0,10
Joda-Time,org.joda.time.field,OffsetDateTimeField,6,182,2,6,2,35,2,22,0,20
Joda-Time,org.joda.time.field,SkipUndoDateTimeField,18,59,3,5,4,18,3,7,1,5
Joda-Time,org.joda.time.field,BaseDateTimeField,27,764,5,67,5,168,5,75,0,44
Joda-Time,org.joda.time.field,ScaledDurationField,0,212,1,13,0,37,1,23,0,17
Joda-Time,org.joda.time.field,PreciseDurationField,0,102,0,8,0,24,0,15,0,11
Joda-Time,org.joda.time.field,ZeroIsMaxDateTimeField,110,52,2,4,22,14,22,7,20,6
Joda-Time,org.joda.time.field,LenientDateTimeField,10,53,3,3,4,11,4,3,1,3
Joda-Time,org.joda.time.field,DecoratedDurationField,41,28,1,3,7,9,7,5,6,4
Joda-Time,org.joda.time.field,AbstractReadableInstantFieldProperty,7,271,2,24,2,61,3,40,1,29
Joda-Time,org.joda.time.field,ImpreciseDateTimeField.LinkedDurationField,14,55,0,0,4,13,2,9,2,9
Joda-Time,org.joda.time.field,UnsupportedDateTimeField,6,226,1,11,1,67,2,58,1,53
Joda-Time,org.joda.time.field,UnsupportedDurationField,64,84,5,7,16,25,15,16,12,13
Joda-Time,org.joda.time.field,RemainderDateTimeField,106,112,7,3,21,28,13,12,8,12
Joda-Time,org.joda.time.field,StrictDateTimeField,31,10,3,3,9,4,6,1,3,1
Joda-Time,org.joda.time.field,DelegatedDurationField,160,0,8,0,32,0,28,0,24,0
Joda-Time,org.joda.time.field,PreciseDateTimeField,0,118,0,6,0,21,0,10,0,7
Joda-Time,org.joda.time.field,MillisDurationField,3,94,2,6,1,30,2,25,0,23
Joda-Time,org.joda.time.format,DateTimeFormatterBuilder.UnpaddedNumber,11,38,0,2,4,12,0,5,0,4
Joda-Time,org.joda.time.format,DateTimeFormatterBuilder.MatchingParser,0,143,4,30,0,44,4,16,0,3
Joda-Time,org.joda.time.format,ISODateTimeFormat.Constants,59,1082,28,90,29,450,29,91,1,60
Joda-Time,org.joda.time.format,DateTimePrinterInternalPrinter,81,42,7,5,18,14,6,6,2,4
Joda-Time,org.joda.time.format,PeriodFormatterBuilder.Separator,35,391,17,67,7,90,13,36,0,7
Joda-Time,org.joda.time.format,DateTimeFormatterBuilder.CharacterLiteral,0,66,2,6,0,22,2,8,0,6
Joda-Time,org.joda.time.format,PeriodFormatter,0,233,1,21,0,60,1,29,0,19
Joda-Time,org.joda.time.format,PeriodFormat,65,497,8,18,8,100,8,15,0,10
Joda-Time,org.joda.time.format,FormatUtils,342,373,54,48,89,78,35,32,4,12
Joda-Time,org.joda.time.format,InternalPrinterDateTimePrinter,42,64,3,7,14,19,7,8,4,6
Joda-Time,org.joda.time.format,DateTimeFormatterBuilder.Fraction,68,275,24,29,25,74,24,19,0,8
Joda-Time,org.joda.time.format,PeriodFormatterBuilder.CompositeAffix,21,159,6,12,6,26,7,9,1,6
Joda-Time,org.joda.time.format,PeriodFormatterBuilder.Composite,12,230,4,30,3,54,4,21,0,8
Joda-Time,org.joda.time.format,PeriodFormatterBuilder.RegExAffix,9,204,0,22,2,34,1,19,1,8
Joda-Time,org.joda.time.format,InternalParserDateTimeParser,15,50,3,7,4,15,4,7,1,5
Joda-Time,org.joda.time.format,DateTimeFormatterBuilder.TimeZoneOffset,80,448,41,81,25,128,33,35,0,7
Joda-Time,org.joda.time.format,DateTimeFormatterBuilder.NumberFormatter,20,175,2,36,4,41,2,20,0,3
Joda-Time,org.joda.time.format,PeriodFormat.DynamicWordBased,16,62,0,8,3,13,2,10,2,6
Joda-Time,org.joda.time.format,DateTimeFormat.StyleFormatter,142,0,12,0,35,0,16,0,9,0
Joda-Time,org.joda.time.format,DateTimeFormatter,26,866,12,66,13,202,14,75,2,48
Joda-Time,org.joda.time.format,ISOPeriodFormat,0,153,0,10,0,92,0,11,0,6
Joda-Time,org.joda.time.format,PeriodFormatterBuilder.Literal,0,50,0,2,0,13,0,8,0,7
Joda-Time,org.joda.time.format,DateTimeFormat,157,560,30,100,44,149,39,65,16,10
Joda-Time,org.joda.time.format,DateTimeParserBucket,43,519,11,59,9,120,11,52,2,26
Joda-Time,org.joda.time.format,DateTimeFormatterBuilder.PaddedNumber,11,45,0,2,4,13,0,5,0,4
Joda-Time,org.joda.time.format,DateTimeFormatterBuilder,214,762,35,82,41,169,42,93,9,67
Joda-Time,org.joda.time.format,PeriodFormatterBuilder.PluralAffix,11,178,3,25,2,38,3,18,1,6
Joda-Time,org.joda.time.format,DateTimeFormat.StyleFormatterCacheKey,85,0,16,0,24,0,11,0,3,0
Joda-Time,org.joda.time.format,DateTimeParserBucket.SavedState,0,59,0,4,0,15,0,4,0,2
Joda-Time,org.joda.time.format,DateTimeFormatterBuilder.TimeZoneId,6,231,5,23,2,54,6,14,1,5
Joda-Time,org.joda.time.format,DateTimeParserBucket.SavedField,0,79,0,6,0,25,0,8,0,5
Joda-Time,org.joda.time.format,DateTimeFormatterBuilder.TimeZoneName,111,0,21,0,27,0,18,0,7,0
Joda-Time,org.joda.time.format,ISODateTimeFormat,9,722,8,136,3,198,8,123,0,59
Joda-Time,org.joda.time.format,PeriodFormatterBuilder,29,802,7,96,6,178,9,91,2,46
Joda-Time,org.joda.time.format,DateTimeFormatterBuilder.TextField,19,302,2,22,6,64,2,19,0,9
Joda-Time,org.joda.time.format,PeriodFormatterBuilder.FieldFormatter,55,1019,37,200,20,247,36,109,0,14
Joda-Time,org.joda.time.format,DateTimeFormatterBuilder.TwoDigitYear,79,267,13,47,21,70,12,26,2,6
Joda-Time,org.joda.time.format,DateTimeFormatterBuilder.Composite,12,282,4,40,3,68,4,28,0,10
Joda-Time,org.joda.time.format,PeriodFormatterBuilder.IgnorableAffix,0,144,1,29,0,25,1,17,0,3
Joda-Time,org.joda.time.format,PeriodFormatterBuilder.RegExAffix.new Comparator() {...},0,9,0,0,0,2,0,2,0,2
Joda-Time,org.joda.time.format,DateTimeParserInternalParser,7,29,0,4,2,9,2,5,2,3
Joda-Time,org.joda.time.format,DateTimeFormatterBuilder.StringLiteral,6,36,0,2,2,10,1,6,1,5
Joda-Time,org.joda.time.format,DateTimeFormatterBuilder.FixedNumber,6,51,2,12,1,15,2,7,0,2
Joda-Time,org.joda.time.format,PeriodFormatterBuilder.SimpleAffix,0,99,1,11,0,26,1,12,0,7
Joda-Time,org.joda.time.convert,StringConverter,17,459,4,68,2,88,4,40,0,8
Joda-Time,org.joda.time.convert,ConverterSet,5,487,2,78,1,117,2,46,0,8
Joda-Time,org.joda.time.convert,NullConverter,0,27,0,0,0,11,0,6,0,6
Joda-Time,org.joda.time.convert,CalendarConverter,0,80,0,10,0,26,0,11,0,6
Joda-Time,org.joda.time.convert,ReadableInstantConverter,0,51,0,8,0,18,0,10,0,6
Joda-Time,org.joda.time.convert,ReadableDurationConverter,0,43,0,2,0,12,0,6,0,5
Joda-Time,org.joda.time.convert,ConverterSet.Entry,0,9,0,0,0,4,0,1,0,1
Joda-Time,org.joda.time.convert,AbstractConverter,0,49,0,2,0,11,0,10,0,9
Joda-Time,org.joda.time.convert,DateConverter,0,16,0,0,0,6,0,4,0,4
Joda-Time,org.joda.time.convert,LongConverter,0,18,0,0,0,6,0,5,0,5
Joda-Time,org.joda.time.convert,ReadablePeriodConverter,0,21,0,0,0,8,0,5,0,5
Joda-Time,org.joda.time.convert,ReadableIntervalConverter,0,70,0,6,0,20,0,10,0,7
Joda-Time,org.joda.time.convert,ReadablePartialConverter,0,59,0,4,0,16,0,8,0,6
Joda-Time,org.joda.time.convert,ConverterManager,30,637,5,57,5,141,5,54,0,28
Joda-Time,org.joda.time.base,AbstractDateTime,0,202,0,8,0,40,0,29,0,25
Joda-Time,org.joda.time.base,AbstractInstant,0,274,0,28,0,62,0,43,0,29
Joda-Time,org.joda.time.base,BasePeriod,0,732,3,55,0,174,3,57,0,31
Joda-Time,org.joda.time.base,BaseSingleFieldPeriod,16,290,1,45,1,69,1,38,0,16
Joda-Time,org.joda.time.base,BaseInterval,0,266,0,14,0,71,0,18,0,11
Joda-Time,org.joda.time.base,AbstractDuration,0,174,0,32,0,40,0,26,0,10
Joda-Time,org.joda.time.base,AbstractInterval,0,388,2,54,0,80,2,53,0,27
Joda-Time,org.joda.time.base,BaseLocal,0,3,0,0,0,2,0,1,0,1
Joda-Time,org.joda.time.base,BaseDuration,0,114,0,2,0,29,0,16,0,15
Joda-Time,org.joda.time.base,AbstractPartial,0,403,1,61,0,80,1,50,0,20
Joda-Time,org.joda.time.base,BaseDateTime,0,191,0,4,0,51,0,20,0,18
Joda-Time,org.joda.time.base,AbstractPeriod,0,177,1,21,0,40,1,24,0,14
Joda-Time,org.joda.time.base,BasePeriod.new AbstractPeriod() {...},2,5,0,0,1,2,1,2,1,2
Joda-Time,org.joda.time.base,BasePartial,26,169,0,4,7,48,1,17,1,15
