<?xml version="1.0" encoding="UTF-8"?>
<testsuite xmlns:xsi="http://www.w3.org/2001/XMLSchema-instance" xsi:noNamespaceSchemaLocation="https://maven.apache.org/surefire/maven-surefire-plugin/xsd/surefire-test-report-3.0.xsd" version="3.0" name="org.joda.time.format.TestDateTimeFormatterBuilder" time="0.036" tests="52" errors="0" skipped="0" failures="0">
  <properties>
[...]
</properties>
  <testcase name="test_append_Printer_nullParser" classname="org.joda.time.format.TestDateTimeFormatterBuilder" time="0.001"/>
  <testcase name="test_toPrinter" classname="org.joda.time.format.TestDateTimeFormatterBuilder" time="0"/>
  <testcase name="test_printParseOffsetAndZone" classname="org.joda.time.format.TestDateTimeFormatterBuilder" time="0.003"/>
  <testcase name="test_appendOptional_Parser" classname="org.joda.time.format.TestDateTimeFormatterBuilder" time="0"/>
  <testcase name="test_parseWrongOffsetAndZone" classname="org.joda.time.format.TestDateTimeFormatterBuilder" time="0.001"/>
  <testcase name="test_printParseZoneDawson_suffix" classname="org.joda.time.format.TestDateTimeFormatterBuilder" time="0.002"/>
  <testcase name="test_localPrintParseOffsetAndZone" classname="org.joda.time.format.TestDateTimeFormatterBuilder" time="0"/>
  <testcase name="test_appendTimeZoneOffset_zeroMinInvalid" classname="org.joda.time.format.TestDateTimeFormatterBuilder" time="0"/>
  <testcase name="test_appendTimeZoneOffset_print_min1max1" classname="org.joda.time.format.TestDateTimeFormatterBuilder" time="0"/>
  <testcase name="test_appendTimeZoneOffset_print_min1max2" classname="org.joda.time.format.TestDateTimeFormatterBuilder" time="0"/>
  <testcase name="test_appendTimeZoneOffset_print_min1max3" classname="org.joda.time.format.TestDateTimeFormatterBuilder" time="0.001"/>
  <testcase name="test_appendTimeZoneOffset_print_min2max2" classname="org.joda.time.format.TestDateTimeFormatterBuilder" time="0"/>
  <testcase name="test_appendTimeZoneOffset_print_min2max3" classname="org.joda.time.format.TestDateTimeFormatterBuilder" time="0"/>
  <testcase name="test_appendTimeZoneOffset_print_min3max3" classname="org.joda.time.format.TestDateTimeFormatterBuilder" time="0"/>
  <testcase name="test_localParseWrongOffsetAndZone" classname="org.joda.time.format.TestDateTimeFormatterBuilder" time="0"/>
  <testcase name="test_localPrintParseOffset" classname="org.joda.time.format.TestDateTimeFormatterBuilder" time="0.007"/>
  <testcase name="test_canBuildFormatter" classname="org.joda.time.format.TestDateTimeFormatterBuilder" time="0"/>
  <testcase name="test_printParseZoneEtcGMT10_suffix" classname="org.joda.time.format.TestDateTimeFormatterBuilder" time="0.002"/>
  <testcase name="test_printParseZoneDawson" classname="org.joda.time.format.TestDateTimeFormatterBuilder" time="0"/>
  <testcase name="test_append_nullPrinter" classname="org.joda.time.format.TestDateTimeFormatterBuilder" time="0"/>
  <testcase name="test_printParseZoneEtcGMT" classname="org.joda.time.format.TestDateTimeFormatterBuilder" time="0"/>
  <testcase name="test_printParseZoneDawsonCreek" classname="org.joda.time.format.TestDateTimeFormatterBuilder" time="0"/>
  <testcase name="test_append_nullParser" classname="org.joda.time.format.TestDateTimeFormatterBuilder" time="0"/>
  <testcase name="test_printParseOffset" classname="org.joda.time.format.TestDateTimeFormatterBuilder" time="0"/>
  <testcase name="test_printParseZoneBahiaBanderas" classname="org.joda.time.format.TestDateTimeFormatterBuilder" time="0"/>
  <testcase name="test_appendTimeZoneOffset_parse" classname="org.joda.time.format.TestDateTimeFormatterBuilder" time="0.002"/>
  <testcase name="test_printParseZoneParis" classname="org.joda.time.format.TestDateTimeFormatterBuilder" time="0.003"/>
  <testcase name="test_printParseZoneTokyo" classname="org.joda.time.format.TestDateTimeFormatterBuilder" time="0"/>
  <testcase name="test_appendOptional_nullParser" classname="org.joda.time.format.TestDateTimeFormatterBuilder" time="0"/>
  <testcase name="test_printParseZoneEtcGMT1" classname="org.joda.time.format.TestDateTimeFormatterBuilder" time="0"/>
  <testcase name="test_parseWrongOffset" classname="org.joda.time.format.TestDateTimeFormatterBuilder" time="0.002"/>
  <testcase name="test_localPrintParseZoneTokyo" classname="org.joda.time.format.TestDateTimeFormatterBuilder" time="0"/>
  <testcase name="test_canBuildPrinter" classname="org.joda.time.format.TestDateTimeFormatterBuilder" time="0"/>
  <testcase name="test_append_Formatter" classname="org.joda.time.format.TestDateTimeFormatterBuilder" time="0"/>
  <testcase name="test_printParseZoneDawsonCreek_suffix" classname="org.joda.time.format.TestDateTimeFormatterBuilder" time="0"/>
  <testcase name="test_appendTimeZoneOffset_invalidText" classname="org.joda.time.format.TestDateTimeFormatterBuilder" time="0.001"/>
  <testcase name="test_appendFixedDecimal" classname="org.joda.time.format.TestDateTimeFormatterBuilder" time="0.001"/>
  <testcase name="test_toParser" classname="org.joda.time.format.TestDateTimeFormatterBuilder" time="0"/>
  <testcase name="test_append_Printer" classname="org.joda.time.format.TestDateTimeFormatterBuilder" time="0"/>
  <testcase name="test_toFormatter" classname="org.joda.time.format.TestDateTimeFormatterBuilder" time="0"/>
  <testcase name="test_printParseZoneEtcGMT10" classname="org.joda.time.format.TestDateTimeFormatterBuilder" time="0"/>
  <testcase name="test_appendTimeZoneId" classname="org.joda.time.format.TestDateTimeFormatterBuilder" time="0"/>
  <testcase name="test_printParseZoneEtcGMT_suffix" classname="org.joda.time.format.TestDateTimeFormatterBuilder" time="0"/>
  <testcase name="test_printParseZoneGMT_suffix" classname="org.joda.time.format.TestDateTimeFormatterBuilder" time="0"/>
  <testcase name="test_printParseZoneGMT" classname="org.joda.time.format.TestDateTimeFormatterBuilder" time="0"/>
  <testcase name="test_printParseZoneMET" classname="org.joda.time.format.TestDateTimeFormatterBuilder" time="0.001"/>
  <testcase name="test_appendFixedSignedDecimal" classname="org.joda.time.format.TestDateTimeFormatterBuilder" time="0.001"/>
  <testcase name="test_canBuildParser" classname="org.joda.time.format.TestDateTimeFormatterBuilder" time="0"/>
  <testcase name="test_printParseZoneMET_suffix" classname="org.joda.time.format.TestDateTimeFormatterBuilder" time="0"/>
  <testcase name="test_printParseZoneEtcGMT1_suffix" classname="org.joda.time.format.TestDateTimeFormatterBuilder" time="0"/>
  <testcase name="test_append_Parser" classname="org.joda.time.format.TestDateTimeFormatterBuilder" time="0"/>
  <testcase name="test_append_nullPrinter_Parser" classname="org.joda.time.format.TestDateTimeFormatterBuilder" time="0"/>
</testsuite>