GROUP,PACKAGE,CLASS,INSTRUCTION_MISSED,INSTRUCTION_COVERED,BRANCH_MISSED,BRANCH_COVERED,LINE_MISSED,LINE_COVERED,COMPLEXITY_MISSED,COMPLEXITY_COVERED,METHOD_MISSED,METHOD_COVERED
jaxen,org.jaxen.function,BooleanFunction,1,74,1,19,0,19,1,12,0,3
jaxen,org.jaxen.function,CeilingFunction,0,30,0,2,0,7,0,4,0,3
jaxen,org.jaxen.function,StartsWithFunction,0,38,0,4,0,9,0,5,0,3
jaxen,org.jaxen.function,TrueFunction,0,15,0,2,0,5,0,4,0,3
jaxen,org.jaxen.function,ContainsFunction,0,38,0,4,0,9,0,5,0,3
jaxen,org.jaxen.function,ConcatFunction,0,38,0,4,0,10,0,5,0,3
jaxen,org.jaxen.function,NotFunction,0,28,0,4,0,5,0,5,0,3
jaxen,org.jaxen.function,PositionFunction,0,21,0,2,0,5,0,4,0,3
jaxen,org.jaxen.function,NameFunction,0,98,0,22,0,28,0,14,0,3
jaxen,org.jaxen.function,NormalizeSpaceFunction,0,106,1,21,0,25,1,14,0,4
jaxen,org.jaxen.function,StringFunction,8,203,2,40,4,58,2,25,0,6
jaxen,org.jaxen.function,FalseFunction,0,15,0,2,0,5,0,4,0,3
jaxen,org.jaxen.function,NumberFunction,0,128,3,27,0,28,3,18,0,6
jaxen,org.jaxen.function,CountFunction,0,33,0,4,0,7,0,5,0,3
jaxen,org.jaxen.function,RoundFunction,0,41,0,6,0,10,0,6,0,3
jaxen,org.jaxen.function,NamespaceUriFunction,0,100,0,24,0,30,0,15,0,3
jaxen,org.jaxen.function,SumFunction,0,53,0,6,0,16,0,6,0,3
jaxen,org.jaxen.function,TranslateFunction,6,227,1,29,2,53,1,20,0,6
jaxen,org.jaxen.function,SubstringFunction,2,170,1,35,1,41,1,20,0,3
jaxen,org.jaxen.function,LangFunction,8,116,2,22,3,28,2,15,0,5
jaxen,org.jaxen.function,IdFunction,2,86,1,11,0,24,1,8,0,3
jaxen,org.jaxen.function,SubstringBeforeFunction,0,43,0,4,0,12,0,5,0,3
jaxen,org.jaxen.function,SubstringAfterFunction,0,45,0,4,0,12,0,5,0,3
jaxen,org.jaxen.function,LastFunction,0,21,0,2,0,5,0,4,0,3
jaxen,org.jaxen.function,LocalNameFunction,0,98,0,22,0,28,0,14,0,3
jaxen,org.jaxen.function,FloorFunction,0,30,0,2,0,7,0,4,0,3
jaxen,org.jaxen.function,StringLengthFunction,13,88,1,13,2,21,1,9,0,3
jaxen,org.jaxen.saxpath.base,Verifier,1718,1143,759,385,205,367,559,20,1,6
jaxen,org.jaxen.saxpath.base,TokenTypes,78,6,34,2,35,3,35,2,1,1
jaxen,org.jaxen.saxpath.base,XPathReader,34,1252,17,152,7,387,17,121,0,40
jaxen,org.jaxen.saxpath.base,XPathLexer,0,949,13,89,0,271,13,85,0,35
jaxen,org.jaxen.saxpath.base,Token,17,48,0,0,1,19,1,9,1,9
jaxen,org.jaxen.saxpath.helpers,DefaultXPathHandler,44,3,0,0,44,1,44,1,44,1
jaxen,org.jaxen.saxpath.helpers,XPathReaderFactory,13,58,0,6,5,19,0,5,0,2
jaxen,org.jaxen.saxpath,Axis,0,113,0,40,0,42,0,28,0,2
jaxen,org.jaxen.saxpath,XPathSyntaxException,81,20,2,0,14,7,4,4,3,4
jaxen,org.jaxen.saxpath,SAXPathException,39,71,9,3,8,24,7,7,1,7
jaxen,org.jaxen.util,FollowingAxisIterator,6,104,2,16,2,29,2,13,0,6
jaxen,org.jaxen.util,PrecedingSiblingAxisIterator,0,98,1,13,0,30,1,11,0,5
jaxen,org.jaxen.util,LinkedIterator,74,0,8,0,19,0,9,0,5,0
jaxen,org.jaxen.util,FollowingSiblingAxisIterator,0,56,1,5,0,17,1,7,0,5
jaxen,org.jaxen.util,StackedIterator,115,0,12,0,37,0,16,0,10,0
jaxen,org.jaxen.util,DescendantOrSelfAxisIterator,0,8,0,0,0,2,0,1,0,1
jaxen,org.jaxen.util,PrecedingAxisIterator,12,139,1,15,4,36,1,12,0,5
jaxen,org.jaxen.util,SingletonList,0,25,0,2,0,7,0,4,0,3
jaxen,org.jaxen.util,AncestorAxisIterator,0,8,0,0,0,3,0,1,0,1
jaxen,org.jaxen.util,SingleObjectIterator,0,33,0,4,0,10,0,6,0,4
jaxen,org.jaxen.util,DescendantAxisIterator,6,74,0,6,2,19,0,8,0,5
jaxen,org.jaxen.util,SelfAxisIterator,0,4,0,0,0,2,0,1,0,1
jaxen,org.jaxen.util,AncestorOrSelfAxisIterator,6,40,0,4,2,11,0,6,0,4
jaxen,org.jaxen.dom4j,DocumentNavigator.Singleton,0,5,0,0,0,1,0,1,0,1
jaxen,org.jaxen.dom4j,DocumentNavigator,79,384,14,54,27,113,15,57,5,33
jaxen,org.jaxen.dom4j,Dom4jXPath,0,5,0,0,0,2,0,1,0,1
jaxen,org.jaxen.expr,IdentitySet.IdentityWrapper,1,21,1,1,0,6,1,3,0,3
jaxen,org.jaxen.expr,DefaultTruthExpr,27,60,6,18,2,9,6,16,2,8
jaxen,org.jaxen.expr,DefaultFilterExpr,91,67,10,4,21,23,10,8,4,7
jaxen,org.jaxen.expr,DefaultGreaterThanEqualExpr,0,15,0,2,0,4,0,4,0,3
jaxen,org.jaxen.expr,IdentitySet,0,29,0,0,0,8,0,3,0,3
jaxen,org.jaxen.expr,DefaultMultiplyExpr,0,34,0,0,0,9,0,3,0,3
jaxen,org.jaxen.expr,DefaultNotEqualsExpr,17,36,0,6,1,8,1,6,1,3
jaxen,org.jaxen.expr,DefaultAdditiveExpr,23,5,0,0,1,2,1,1,1,1
jaxen,org.jaxen.expr,DefaultFunctionCallExpr,52,178,5,13,6,49,5,14,1,9
jaxen,org.jaxen.expr,DefaultLessThanEqualExpr,0,17,0,2,0,4,0,4,0,3
jaxen,org.jaxen.expr,DefaultNumberExpr,12,16,0,0,1,6,1,4,1,4
jaxen,org.jaxen.expr,DefaultEqualsExpr,17,32,0,4,1,8,1,5,1,3
jaxen,org.jaxen.expr,DefaultAbsoluteLocationPath,2,68,1,3,1,17,1,6,0,5
jaxen,org.jaxen.expr,DefaultArithExpr,17,5,0,0,1,2,1,1,1,1
jaxen,org.jaxen.expr,DefaultMinusExpr,0,34,0,0,0,9,0,3,0,3
jaxen,org.jaxen.expr,DefaultDivExpr,0,34,0,0,0,9,0,3,0,3
jaxen,org.jaxen.expr,DefaultAndExpr,17,36,0,4,1,11,1,5,1,3
jaxen,org.jaxen.expr,DefaultLiteralExpr,12,42,0,2,1,8,1,5,1,4
jaxen,org.jaxen.expr,DefaultAllNodeStep,12,20,0,0,1,4,1,3,1,3
jaxen,org.jaxen.expr,DefaultStep,13,119,0,8,1,34,1,15,1,11
jaxen,org.jaxen.expr,DefaultRelationalExpr,31,119,7,19,5,26,8,10,1,4
jaxen,org.jaxen.expr,DefaultNameStep,53,527,16,94,5,132,14,51,0,10
jaxen,org.jaxen.expr,DefaultRelativeLocationPath,0,15,0,0,0,2,0,2,0,2
jaxen,org.jaxen.expr,NodeComparator,10,226,3,43,4,57,3,25,0,5
jaxen,org.jaxen.expr,DefaultExpr,18,16,4,2,5,5,3,4,1,3
jaxen,org.jaxen.expr,DefaultXPathFactory,59,299,5,26,6,59,6,46,1,26
jaxen,org.jaxen.expr,DefaultEqualityExpr,37,178,5,31,5,37,5,18,1,4
jaxen,org.jaxen.expr,PredicateSet,98,177,12,18,30,53,8,16,2,7
jaxen,org.jaxen.expr,DefaultUnaryExpr,12,45,0,0,1,10,1,5,1,5
jaxen,org.jaxen.expr,DefaultProcessingInstructionNodeStep,0,81,2,8,0,22,2,7,0,4
jaxen,org.jaxen.expr,DefaultModExpr,0,34,0,0,0,9,0,3,0,3
jaxen,org.jaxen.expr,DefaultGreaterThanExpr,0,17,0,2,0,4,0,4,0,3
jaxen,org.jaxen.expr,DefaultUnionExpr,17,76,0,4,1,20,1,5,1,3
jaxen,org.jaxen.expr,DefaultMultiplicativeExpr,17,5,0,0,1,2,1,1,1,1
jaxen,org.jaxen.expr,DefaultPredicate,12,37,0,0,1,10,1,6,1,6
jaxen,org.jaxen.expr,DefaultOrExpr,17,36,0,4,1,11,1,5,1,3
jaxen,org.jaxen.expr,DefaultVariableReferenceExpr,17,63,3,3,2,14,3,7,0,7
jaxen,org.jaxen.expr,DefaultPlusExpr,0,34,0,0,0,9,0,3,0,3
jaxen,org.jaxen.expr,DefaultTextNodeStep,0,25,0,0,0,5,0,3,0,3
jaxen,org.jaxen.expr,DefaultLogicalExpr,0,5,0,0,0,2,0,1,0,1
jaxen,org.jaxen.expr,DefaultCommentNodeStep,12,22,0,0,1,5,1,3,1,3
jaxen,org.jaxen.expr,DefaultXPathExpr,4,43,0,0,1,13,1,6,1,6
jaxen,org.jaxen.expr,DefaultLocationPath,0,172,0,26,0,44,0,22,0,9
jaxen,org.jaxen.expr,DefaultBinaryExpr,23,59,0,0,1,14,1,7,1,7
jaxen,org.jaxen.expr,DefaultPathExpr,16,138,7,17,3,35,7,13,0,8
jaxen,org.jaxen.expr,DefaultLessThanExpr,0,17,0,2,0,4,0,4,0,3
jaxen,org.jaxen.dom,DocumentNavigator.NodeIterator,15,60,2,10,2,15,3,8,1,4
jaxen,org.jaxen.dom,DocumentNavigator.AttributeIterator,11,66,2,8,2,15,3,6,1,3
jaxen,org.jaxen.dom,DocumentNavigator.new DocumentNavigator.NodeIterator() {...},0,14,0,0,0,3,0,3,0,3
jaxen,org.jaxen.dom,DocumentNavigator.new DocumentNavigator.NodeIterator() {...},0,14,0,0,0,3,0,3,0,3
jaxen,org.jaxen.dom,DocumentNavigator.new DocumentNavigator.NodeIterator() {...},0,13,0,0,0,3,0,3,0,3
jaxen,org.jaxen.dom,DocumentNavigator.new DocumentNavigator.NodeIterator() {...},0,15,0,0,0,3,0,3,0,3
jaxen,org.jaxen.dom,DocumentNavigator.new DocumentNavigator.NodeIterator() {...},0,15,0,0,0,3,0,3,0,3
jaxen,org.jaxen.dom,DocumentNavigator.new DocumentNavigator.NodeIterator() {...},2,43,1,9,1,12,1,7,0,3
jaxen,org.jaxen.dom,DOMXPath,0,5,0,0,0,2,0,1,0,1
jaxen,org.jaxen.dom,NamespaceNode.EmptyNodeList,4,0,0,0,2,0,2,0,2,0
jaxen,org.jaxen.dom,DocumentNavigator,93,592,17,93,24,134,15,78,1,37
jaxen,org.jaxen.dom,NamespaceNode,342,176,41,19,90,41,57,17,30,14
jaxen,org.jaxen.javabean,Element,21,0,0,0,8,0,4,0,4,0
jaxen,org.jaxen.javabean,DocumentNavigator,251,0,20,0,77,0,47,0,37,0
jaxen,org.jaxen.javabean,JavaBeanXPath,103,0,16,0,27,0,11,0,3,0
jaxen,org.jaxen.javabean,ElementIterator,31,0,0,0,9,0,4,0,4,0
jaxen,org.jaxen.pattern,NoNodeTest,18,0,0,0,8,0,7,0,7,0
jaxen,org.jaxen.pattern,UnionPattern,101,66,10,2,15,21,15,5,9,5
jaxen,org.jaxen.pattern,AnyNodeTest,8,7,0,0,4,2,4,2,4,2
jaxen,org.jaxen.pattern,NamespaceTest,99,16,17,1,18,7,13,3,4,3
jaxen,org.jaxen.pattern,Pattern,8,5,0,0,4,2,4,2,4,2
jaxen,org.jaxen.pattern,PatternHandler,284,0,35,0,86,0,38,0,20,0
jaxen,org.jaxen.pattern,AnyChildNodeTest,37,0,8,0,9,0,11,0,7,0
jaxen,org.jaxen.pattern,PatternParser,74,265,15,39,15,74,14,20,1,6
jaxen,org.jaxen.pattern,NodeTest,0,3,0,0,0,1,0,1,0,1
jaxen,org.jaxen.pattern,LocationPathPattern,249,98,40,18,60,31,28,16,6,9
jaxen,org.jaxen.pattern,NodeTypeTest,45,47,10,0,11,12,11,4,3,4
jaxen,org.jaxen.pattern,NameTest,102,14,18,0,16,6,12,3,3,3
jaxen,org.jaxen.pattern,TextNodeTest,7,12,0,0,2,5,2,4,2,4
jaxen,org.jaxen.expr.iter,IterableAttributeAxis,0,24,0,0,0,6,0,4,0,4
jaxen,org.jaxen.expr.iter,IterableParentAxis,0,9,0,0,0,3,0,2,0,2
jaxen,org.jaxen.expr.iter,IterableAncestorAxis,0,9,0,0,0,3,0,2,0,2
jaxen,org.jaxen.expr.iter,IterableAxis,0,16,0,0,0,6,0,4,0,4
jaxen,org.jaxen.expr.iter,IterableDescendantAxis,0,9,0,0,0,3,0,2,0,2
jaxen,org.jaxen.expr.iter,IterablePrecedingSiblingAxis,0,9,0,0,0,3,0,2,0,2
jaxen,org.jaxen.expr.iter,IterablePrecedingAxis,0,9,0,0,0,3,0,2,0,2
jaxen,org.jaxen.expr.iter,IterableChildAxis,0,24,0,0,0,6,0,4,0,4
jaxen,org.jaxen.expr.iter,IterableFollowingSiblingAxis,0,9,0,0,0,3,0,2,0,2
jaxen,org.jaxen.expr.iter,IterableAncestorOrSelfAxis,0,9,0,0,0,3,0,2,0,2
jaxen,org.jaxen.expr.iter,IterableDescendantOrSelfAxis,0,9,0,0,0,3,0,2,0,2
jaxen,org.jaxen.expr.iter,IterableSelfAxis,0,9,0,0,0,3,0,2,0,2
jaxen,org.jaxen.expr.iter,IterableNamespaceAxis,0,9,0,0,0,3,0,2,0,2
jaxen,org.jaxen.expr.iter,IterableFollowingAxis,0,9,0,0,0,3,0,2,0,2
jaxen,org.jaxen,UnresolvableException,0,4,0,0,0,2,0,1,0,1
jaxen,org.jaxen,BaseXPath,6,273,2,24,1,85,3,37,1,26
jaxen,org.jaxen,Context,4,104,1,3,2,30,2,14,1,13
jaxen,org.jaxen,XPathSyntaxException,0,80,0,2,0,22,0,7,0,6
jaxen,org.jaxen,JaxenException,1,29,0,0,1,12,0,4,0,4
jaxen,org.jaxen,SimpleNamespaceContext,1,89,2,10,1,26,2,9,0,5
jaxen,org.jaxen,UnsupportedAxisException,0,4,0,0,0,2,0,1,0,1
jaxen,org.jaxen,SimpleFunctionContext,0,49,0,2,0,9,0,4,0,3
jaxen,org.jaxen,QualifiedName,16,47,3,5,1,10,3,5,0,4
jaxen,org.jaxen,JaxenRuntimeException,38,44,9,3,7,15,7,5,1,5
jaxen,org.jaxen,ContextSupport,12,79,3,5,3,29,3,13,0,12
jaxen,org.jaxen,XPathFunctionContext,0,249,0,2,0,45,0,8,0,7
jaxen,org.jaxen,JaxenHandler,26,514,8,24,7,168,10,68,3,59
jaxen,org.jaxen,SimpleVariableContext,0,59,0,2,0,11,0,5,0,4
jaxen,org.jaxen,FunctionCallException,3,13,0,0,1,6,1,3,1,3
jaxen,org.jaxen,JaxenConstants,0,7,0,0,0,2,0,1,0,1
jaxen,org.jaxen,DefaultNavigator,48,98,9,9,18,21,19,12,10,12
jaxen,org.jaxen.jdom,JDOMXPath,0,5,0,0,0,2,0,1,0,1
jaxen,org.jaxen.jdom,DocumentNavigator.Singleton,0,5,0,0,0,1,0,1,0,1
jaxen,org.jaxen.jdom,DocumentNavigator,472,198,97,27,127,54,78,17,21,12
jaxen,org.jaxen.jdom,XPathNamespace,35,15,0,0,8,6,3,3,3,3
jaxen,org.jaxen.xom,DocumentNavigator.new DocumentNavigator.IndexIterator() {...},14,0,0,0,2,0,2,0,2,0
jaxen,org.jaxen.xom,DocumentNavigator.new DocumentNavigator.IndexIterator() {...},14,0,0,0,2,0,2,0,2,0
jaxen,org.jaxen.xom,DocumentNavigator.XPathNamespace,44,0,0,0,10,0,5,0,5,0
jaxen,org.jaxen.xom,DocumentNavigator.IndexIterator,46,0,2,0,10,0,5,0,4,0
jaxen,org.jaxen.xom,DocumentNavigator,440,3,76,0,92,1,71,1,33,1
jaxen,org.jaxen.xom,XOMXPath,0,7,0,0,0,2,0,1,0,1
jaxen,org.jaxen.function.ext,UpperFunction,5,44,1,5,1,12,1,5,0,3
jaxen,org.jaxen.function.ext,LocaleFunctionSupport,23,102,11,17,8,25,10,8,0,4
jaxen,org.jaxen.function.ext,LowerFunction,12,37,3,3,2,11,3,3,0,3
jaxen,org.jaxen.function.ext,EvaluateFunction,14,57,2,4,4,15,2,4,0,3
jaxen,org.jaxen.function.ext,EndsWithFunction,5,33,1,3,1,8,1,4,0,3
jaxen,org.jaxen.function.xslt,DocumentFunction,5,24,1,1,1,6,1,3,0,3
